OpenROAD v2.0-6895-g5c85b36f8 
This program is licensed under the BSD-3 license. See the LICENSE file for details.
Components of this program may be licensed under more restrictive licenses which must be honored.
[INFO GPL-0002] DBU: 1000
[INFO GPL-0003] SiteSize: 460 2720
[INFO GPL-0004] CoreAreaLxLy: 10120 10880
[INFO GPL-0005] CoreAreaUxUy: 89700 89760
[INFO GPL-0006] NumInstances: 298
[INFO GPL-0007] NumPlaceInstances: 0
[INFO GPL-0008] NumFixedInstances: 167
[INFO GPL-0009] NumDummyInstances: 131
[INFO GPL-0010] NumNets: 3
[INFO GPL-0011] NumPins: 3
[INFO GPL-0012] DieAreaLxLy: 0 0
[INFO GPL-0013] DieAreaUxUy: 100000 100000
[INFO GPL-0014] CoreAreaLxLy: 10120 10880
[INFO GPL-0015] CoreAreaUxUy: 89700 89760
[INFO GPL-0016] CoreArea: 6277270400
[INFO GPL-0017] NonPlaceInstsArea: 4523088000
[INFO GPL-0018] PlaceInstsArea: 0
[INFO GPL-0019] Util(%): 0.00
[INFO GPL-0020] StdInstsArea: 0
[INFO GPL-0021] MacroInstsArea: 0
[WARNING GPL-0136] No placeable instances - skipping placement.
Elapsed time: 0:00.48[h:]min:sec. CPU time: user 0.36 sys 0.09 (94%). Peak memory: 98316KB.
