OpenROAD v2.0-6895-g5c85b36f8 
This program is licensed under the BSD-3 license. See the LICENSE file for details.
Components of this program may be licensed under more restrictive licenses which must be honored.
Placement Analysis
---------------------------------
total displacement          1.1 u
average displacement        0.0 u
max displacement            1.1 u
original HPWL            1266.8 u
legalized HPWL           1266.8 u
delta HPWL                    0 %

[INFO FLW-0012] Placement violations .

==========================================================================
detailed place report_tns
--------------------------------------------------------------------------
tns 0.00

==========================================================================
detailed place report_wns
--------------------------------------------------------------------------
wns 0.00

==========================================================================
detailed place report_worst_slack
--------------------------------------------------------------------------
worst slack INF

==========================================================================
detailed place report_clock_skew
--------------------------------------------------------------------------

==========================================================================
detailed place report_checks -path_delay min
--------------------------------------------------------------------------
No paths found.

==========================================================================
detailed place report_checks -path_delay max
--------------------------------------------------------------------------
No paths found.

==========================================================================
detailed place report_checks -unconstrained
--------------------------------------------------------------------------
Startpoint: SEL (input port)
Endpoint: out (output port)
Path Group: (none)
Path Type: max

Fanout     Cap    Slew   Delay    Time   Description
-----------------------------------------------------------------------------
                          0.00    0.00 v input external delay
                  0.00    0.00    0.00 v SEL (in)
     1    0.01                           SEL (net)
                  0.00    0.00    0.00 v _0_/S (sky130_fd_sc_hd__mux2_4)
                  0.06    0.29    0.29 v _0_/X (sky130_fd_sc_hd__mux2_4)
     1    0.01                           out (net)
                  0.06    0.00    0.29 v out (out)
                                  0.29   data arrival time
-----------------------------------------------------------------------------
(Path is unconstrained)



==========================================================================
detailed place report_check_types -max_slew -max_cap -max_fanout -violators
--------------------------------------------------------------------------

==========================================================================
detailed place max_slew_check_slack
--------------------------------------------------------------------------
1.4503026008605957

==========================================================================
detailed place max_slew_check_limit
--------------------------------------------------------------------------
1.5070849657058716

==========================================================================
detailed place max_slew_check_slack_limit
--------------------------------------------------------------------------
0.9623

==========================================================================
detailed place max_fanout_check_slack
--------------------------------------------------------------------------
1.0000000150474662e+30

==========================================================================
detailed place max_fanout_check_limit
--------------------------------------------------------------------------
1.0000000150474662e+30

==========================================================================
detailed place max_capacitance_check_slack
--------------------------------------------------------------------------
0.5285559892654419

==========================================================================
detailed place max_capacitance_check_limit
--------------------------------------------------------------------------
0.5365089774131775

==========================================================================
detailed place max_capacitance_check_slack_limit
--------------------------------------------------------------------------
0.9852

==========================================================================
detailed place max_slew_violation_count
--------------------------------------------------------------------------
max slew violation count 0

==========================================================================
detailed place max_fanout_violation_count
--------------------------------------------------------------------------
max fanout violation count 0

==========================================================================
detailed place max_cap_violation_count
--------------------------------------------------------------------------
max cap violation count 0

==========================================================================
detailed place setup_violation_count
--------------------------------------------------------------------------
setup violation count 0

==========================================================================
detailed place hold_violation_count
--------------------------------------------------------------------------
hold violation count 0

==========================================================================
detailed place critical path delay
--------------------------------------------------------------------------
-1

==========================================================================
detailed place critical path slack
--------------------------------------------------------------------------
0

==========================================================================
detailed place slack div critical path delay
--------------------------------------------------------------------------
0.000000

==========================================================================
detailed place report_power
--------------------------------------------------------------------------
Group                  Internal  Switching    Leakage      Total
                          Power      Power      Power      Power (Watts)
----------------------------------------------------------------
Sequential             0.00e+00   0.00e+00   0.00e+00   0.00e+00   0.0%
Combinational          4.83e-15   1.93e-15   3.84e-10   3.84e-10 100.0%
Macro                  0.00e+00   0.00e+00   0.00e+00   0.00e+00   0.0%
Pad                    0.00e+00   0.00e+00   0.00e+00   0.00e+00   0.0%
----------------------------------------------------------------
Total                  4.83e-15   1.93e-15   3.84e-10   3.84e-10 100.0%
                           0.0%       0.0%     100.0%

==========================================================================
detailed place report_design_area
--------------------------------------------------------------------------
Design area 1392 u^2 12% utilization.

Elapsed time: 0:00.49[h:]min:sec. CPU time: user 0.31 sys 0.16 (96%). Peak memory: 100036KB.
